2023-02-15 22:14:52 info: =================================
2023-02-15 22:14:52 info: ======= ENV: development =======
2023-02-15 22:14:52 info: 🚀 App listening on the port 3000
2023-02-15 22:14:52 info: =================================
2023-02-15 22:17:30 info: =================================
2023-02-15 22:17:30 info: ======= ENV: development =======
2023-02-15 22:17:30 info: 🚀 App listening on the port 4000
2023-02-15 22:17:30 info: =================================
2023-02-15 22:21:10 info: =================================
2023-02-15 22:21:10 info: ======= ENV: development =======
2023-02-15 22:21:10 info: 🚀 App listening on the port 4000
2023-02-15 22:21:10 info: =================================
2023-02-15 22:28:41 info: =================================
2023-02-15 22:28:41 info: ======= ENV: development =======
2023-02-15 22:28:41 info: 🚀 App listening on the port 4000
2023-02-15 22:28:41 info: =================================
2023-02-15 22:29:55 info: =================================
2023-02-15 22:29:55 info: ======= ENV: development =======
2023-02-15 22:29:55 info: 🚀 App listening on the port 4000
2023-02-15 22:29:55 info: =================================
2023-02-15 22:30:14 info: =================================
2023-02-15 22:30:14 info: ======= ENV: development =======
2023-02-15 22:30:14 info: 🚀 App listening on the port 4000
2023-02-15 22:30:14 info: =================================
2023-02-15 22:30:20 info: =================================
2023-02-15 22:30:20 info: ======= ENV: development =======
2023-02-15 22:30:20 info: 🚀 App listening on the port 4000
2023-02-15 22:30:20 info: =================================
2023-02-15 22:30:36 info: =================================
2023-02-15 22:30:36 info: ======= ENV: development =======
2023-02-15 22:30:36 info: 🚀 App listening on the port 4000
2023-02-15 22:30:36 info: =================================
2023-02-15 22:31:09 info: =================================
2023-02-15 22:31:09 info: ======= ENV: development =======
2023-02-15 22:31:09 info: 🚀 App listening on the port 4000
2023-02-15 22:31:09 info: =================================
2023-02-15 22:31:20 info: =================================
2023-02-15 22:31:20 info: ======= ENV: development =======
2023-02-15 22:31:20 info: 🚀 App listening on the port 4000
2023-02-15 22:31:20 info: =================================
2023-02-15 22:31:37 info: =================================
2023-02-15 22:31:37 info: ======= ENV: development =======
2023-02-15 22:31:37 info: 🚀 App listening on the port 4000
2023-02-15 22:31:37 info: =================================
2023-02-15 22:32:19 info: =================================
2023-02-15 22:32:19 info: ======= ENV: development =======
2023-02-15 22:32:19 info: 🚀 App listening on the port 4000
2023-02-15 22:32:19 info: =================================
2023-02-15 22:32:24 info: =================================
2023-02-15 22:32:24 info: ======= ENV: development =======
2023-02-15 22:32:24 info: 🚀 App listening on the port 4000
2023-02-15 22:32:24 info: =================================
2023-02-15 22:34:35 info: =================================
2023-02-15 22:34:35 info: ======= ENV: development =======
2023-02-15 22:34:35 info: 🚀 App listening on the port 4000
2023-02-15 22:34:35 info: =================================
2023-02-15 22:36:09 info: =================================
2023-02-15 22:36:09 info: ======= ENV: development =======
2023-02-15 22:36:09 info: 🚀 App listening on the port 4000
2023-02-15 22:36:09 info: =================================
2023-02-15 22:37:31 info: =================================
2023-02-15 22:37:31 info: ======= ENV: development =======
2023-02-15 22:37:31 info: 🚀 App listening on the port 4000
2023-02-15 22:37:31 info: =================================
2023-02-15 22:38:09 info: =================================
2023-02-15 22:38:09 info: ======= ENV: development =======
2023-02-15 22:38:09 info: 🚀 App listening on the port 4000
2023-02-15 22:38:09 info: =================================
2023-02-15 22:38:45 info: =================================
2023-02-15 22:38:45 info: ======= ENV: development =======
2023-02-15 22:38:45 info: 🚀 App listening on the port 4000
2023-02-15 22:38:45 info: =================================
2023-02-15 22:39:11 info: =================================
2023-02-15 22:39:11 info: ======= ENV: development =======
2023-02-15 22:39:11 info: 🚀 App listening on the port 4000
2023-02-15 22:39:11 info: =================================
2023-02-15 22:39:38 info: =================================
2023-02-15 22:39:38 info: ======= ENV: development =======
2023-02-15 22:39:38 info: 🚀 App listening on the port 4000
2023-02-15 22:39:38 info: =================================
2023-02-15 22:39:48 info: =================================
2023-02-15 22:39:48 info: ======= ENV: development =======
2023-02-15 22:39:48 info: 🚀 App listening on the port 4000
2023-02-15 22:39:48 info: =================================
2023-02-15 22:40:01 info: =================================
2023-02-15 22:40:01 info: ======= ENV: development =======
2023-02-15 22:40:01 info: 🚀 App listening on the port 4000
2023-02-15 22:40:01 info: =================================
2023-02-15 22:40:38 info: =================================
2023-02-15 22:40:38 info: ======= ENV: development =======
2023-02-15 22:40:38 info: 🚀 App listening on the port 4000
2023-02-15 22:40:38 info: =================================
2023-02-15 22:40:38 info: DB Connected Successfully
2023-02-15 22:41:21 info: =================================
2023-02-15 22:41:21 info: ======= ENV: development =======
2023-02-15 22:41:21 info: 🚀 App listening on the port 4000
2023-02-15 22:41:21 info: =================================
2023-02-15 22:41:21 info: DB Connected Successfully
2023-02-15 22:41:25 info: =================================
2023-02-15 22:41:25 info: ======= ENV: development =======
2023-02-15 22:41:25 info: 🚀 App listening on the port 4000
2023-02-15 22:41:25 info: =================================
2023-02-15 22:41:25 info: DB Connected Successfully
2023-02-15 22:42:18 info: [0mGET /users [32m200[0m 3.555 ms - 21[0m
2023-02-15 22:43:11 error: [POST] /users >> StatusCode:: 400, Message:: property name should not exist, property dob should not exist, password must be a string
2023-02-15 22:43:12 info: [0mPOST /users [33m400[0m 126.732 ms - 102[0m
2023-02-15 22:43:47 info: =================================
2023-02-15 22:43:47 info: ======= ENV: development =======
2023-02-15 22:43:47 info: 🚀 App listening on the port 4000
2023-02-15 22:43:47 info: =================================
2023-02-15 22:43:47 info: DB Connected Successfully
2023-02-15 22:43:55 info: =================================
2023-02-15 22:43:55 info: ======= ENV: development =======
2023-02-15 22:43:55 info: 🚀 App listening on the port 4000
2023-02-15 22:43:55 info: =================================
2023-02-15 22:43:55 info: DB Connected Successfully
2023-02-15 22:44:14 error: [POST] /users >> StatusCode:: 409, Message:: This email balaji.s@kevells.com already exists
2023-02-15 22:44:14 info: [0mPOST /users [33m409[0m 18.453 ms - 60[0m
2023-02-15 22:46:16 info: =================================
2023-02-15 22:46:16 info: ======= ENV: development =======
2023-02-15 22:46:16 info: 🚀 App listening on the port 4000
2023-02-15 22:46:16 info: =================================
2023-02-15 22:46:16 info: DB Connected Successfully
2023-02-15 22:46:18 error: [POST] /users >> StatusCode:: 409, Message:: This email balaji.s@kevells.com already exists
2023-02-15 22:46:18 info: [0mPOST /users [33m409[0m 31.736 ms - 60[0m
2023-02-15 22:47:30 info: =================================
2023-02-15 22:47:30 info: ======= ENV: development =======
2023-02-15 22:47:30 info: 🚀 App listening on the port 4000
2023-02-15 22:47:30 info: =================================
2023-02-15 22:47:30 info: DB Connected Successfully
2023-02-15 22:47:37 info: =================================
2023-02-15 22:47:37 info: ======= ENV: development =======
2023-02-15 22:47:37 info: 🚀 App listening on the port 4000
2023-02-15 22:47:37 info: =================================
2023-02-15 22:47:37 info: DB Connected Successfully
2023-02-15 22:48:53 info: =================================
2023-02-15 22:48:53 info: ======= ENV: development =======
2023-02-15 22:48:53 info: 🚀 App listening on the port 4000
2023-02-15 22:48:53 info: =================================
2023-02-15 22:48:53 info: DB Connected Successfully
2023-02-15 22:48:57 error: [POST] /users >> StatusCode:: 409, Message:: This email balaji.s@kevells.com already exists
2023-02-15 22:48:57 info: [0mPOST /users [33m409[0m 34.637 ms - 60[0m
2023-02-15 22:52:27 info: =================================
2023-02-15 22:52:27 info: ======= ENV: development =======
2023-02-15 22:52:27 info: 🚀 App listening on the port 4000
2023-02-15 22:52:27 info: =================================
2023-02-15 22:52:27 info: DB Connected Successfully
2023-02-15 22:52:29 error: [POST] /users >> StatusCode:: 409, Message:: This email balaji.s@kevells.com already exists
2023-02-15 22:52:30 info: [0mPOST /users [33m409[0m 31.975 ms - 60[0m
2023-02-15 22:52:48 info: =================================
2023-02-15 22:52:48 info: ======= ENV: development =======
2023-02-15 22:52:48 info: 🚀 App listening on the port 4000
2023-02-15 22:52:48 info: =================================
2023-02-15 22:52:48 info: DB Connected Successfully
2023-02-15 22:54:35 info: =================================
2023-02-15 22:54:35 info: ======= ENV: development =======
2023-02-15 22:54:35 info: 🚀 App listening on the port 4000
2023-02-15 22:54:35 info: =================================
2023-02-15 22:54:35 info: DB Connected Successfully
2023-02-15 22:54:39 info: [0mGET /users [32m200[0m 35.927 ms - 31[0m
2023-02-15 22:56:27 info: =================================
2023-02-15 22:56:27 info: ======= ENV: development =======
2023-02-15 22:56:27 info: 🚀 App listening on the port 4000
2023-02-15 22:56:27 info: =================================
2023-02-15 22:56:27 info: DB Connected Successfully
2023-02-15 22:56:31 info: [0mGET /users [32m200[0m 36.793 ms - 31[0m
2023-02-15 22:58:06 info: =================================
2023-02-15 22:58:06 info: ======= ENV: development =======
2023-02-15 22:58:06 info: 🚀 App listening on the port 4000
2023-02-15 22:58:06 info: =================================
2023-02-15 22:58:06 info: DB Connected Successfully
2023-02-15 22:58:16 info: [0mGET /users [32m200[0m 34.268 ms - 31[0m
2023-02-15 22:59:09 info: [0mGET /users [32m200[0m 19.602 ms - 112[0m
2023-02-15 23:00:28 info: =================================
2023-02-15 23:00:28 info: ======= ENV: development =======
2023-02-15 23:00:28 info: 🚀 App listening on the port 4000
2023-02-15 23:00:28 info: =================================
2023-02-15 23:00:28 info: DB Connected Successfully
2023-02-15 23:00:37 info: =================================
2023-02-15 23:00:37 info: ======= ENV: development =======
2023-02-15 23:00:37 info: 🚀 App listening on the port 4000
2023-02-15 23:00:37 info: =================================
2023-02-15 23:00:37 info: DB Connected Successfully
2023-02-15 23:00:47 info: =================================
2023-02-15 23:00:47 info: ======= ENV: development =======
2023-02-15 23:00:47 info: 🚀 App listening on the port 4000
2023-02-15 23:00:47 info: =================================
2023-02-15 23:00:47 info: DB Connected Successfully
2023-02-15 23:00:59 error: [POST] /users >> StatusCode:: 409, Message:: This email balaji.s1@kevells.com already exists
2023-02-15 23:00:59 info: [0mPOST /users [33m409[0m 15.248 ms - 61[0m
2023-02-15 23:01:43 info: =================================
2023-02-15 23:01:43 info: ======= ENV: development =======
2023-02-15 23:01:43 info: 🚀 App listening on the port 4000
2023-02-15 23:01:43 info: =================================
2023-02-15 23:01:43 info: DB Connected Successfully
2023-02-15 23:01:45 error: [POST] /users >> StatusCode:: 409, Message:: This email balaji.s1@kevells.com already exists
2023-02-15 23:01:45 info: [0mPOST /users [33m409[0m 13.435 ms - 61[0m
2023-02-15 23:01:56 info: =================================
2023-02-15 23:01:56 info: ======= ENV: development =======
2023-02-15 23:01:56 info: 🚀 App listening on the port 4000
2023-02-15 23:01:56 info: =================================
2023-02-15 23:01:56 info: DB Connected Successfully
2023-02-15 23:01:58 error: [POST] /users >> StatusCode:: 409, Message:: This email balaji.s1@kevells.com already exists
2023-02-15 23:01:58 info: [0mPOST /users [33m409[0m 29.490 ms - 61[0m
2023-02-15 23:02:46 info: =================================
2023-02-15 23:02:46 info: ======= ENV: development =======
2023-02-15 23:02:46 info: 🚀 App listening on the port 4000
2023-02-15 23:02:46 info: =================================
2023-02-15 23:02:46 info: DB Connected Successfully
2023-02-15 23:02:57 error: [POST] /users >> StatusCode:: 409, Message:: This email balaji.s1@kevells.com already exists
2023-02-15 23:02:57 info: [0mPOST /users [33m409[0m 14.544 ms - 61[0m
2023-02-15 23:03:08 info: =================================
2023-02-15 23:03:08 info: ======= ENV: development =======
2023-02-15 23:03:08 info: 🚀 App listening on the port 4000
2023-02-15 23:03:08 info: =================================
2023-02-15 23:03:08 info: DB Connected Successfully
2023-02-15 23:03:12 error: [POST] /users >> StatusCode:: 500, Message:: data and salt arguments required
2023-02-15 23:03:12 info: [0mPOST /users [31m500[0m 13.932 ms - 46[0m
2023-02-15 23:05:35 info: =================================
2023-02-15 23:05:35 info: ======= ENV: development =======
2023-02-15 23:05:35 info: 🚀 App listening on the port 4000
2023-02-15 23:05:35 info: =================================
2023-02-15 23:05:35 info: DB Connected Successfully
2023-02-15 23:05:39 info: =================================
2023-02-15 23:05:39 info: ======= ENV: development =======
2023-02-15 23:05:39 info: 🚀 App listening on the port 4000
2023-02-15 23:05:39 info: =================================
2023-02-15 23:05:39 info: DB Connected Successfully
2023-02-15 23:05:41 error: [POST] /users >> StatusCode:: 409, Message:: This email balaji.s1@kevells.com already exists
2023-02-15 23:05:41 info: [0mPOST /users [33m409[0m 28.515 ms - 61[0m
2023-02-15 23:07:09 info: =================================
2023-02-15 23:07:09 info: ======= ENV: development =======
2023-02-15 23:07:09 info: 🚀 App listening on the port 4000
2023-02-15 23:07:09 info: =================================
2023-02-15 23:07:09 info: DB Connected Successfully
2023-02-15 23:07:26 info: =================================
2023-02-15 23:07:26 info: ======= ENV: development =======
2023-02-15 23:07:26 info: 🚀 App listening on the port 4000
2023-02-15 23:07:26 info: =================================
2023-02-15 23:07:26 info: DB Connected Successfully
2023-02-15 23:07:29 error: [POST] /users >> StatusCode:: 409, Message:: This email balaji.s1@kevells.com already exists
2023-02-15 23:07:29 info: [0mPOST /users [33m409[0m 29.049 ms - 61[0m
2023-02-15 23:07:57 info: =================================
2023-02-15 23:07:57 info: ======= ENV: development =======
2023-02-15 23:07:57 info: 🚀 App listening on the port 4000
2023-02-15 23:07:57 info: =================================
2023-02-15 23:07:57 info: DB Connected Successfully
2023-02-15 23:08:12 info: =================================
2023-02-15 23:08:12 info: ======= ENV: development =======
2023-02-15 23:08:12 info: 🚀 App listening on the port 4000
2023-02-15 23:08:12 info: =================================
2023-02-15 23:08:12 info: DB Connected Successfully
2023-02-15 23:08:19 error: [POST] /users >> StatusCode:: 409, Message:: This email balaji.s1@kevells.com already exists
2023-02-15 23:08:19 info: [0mPOST /users [33m409[0m 29.051 ms - 61[0m
2023-02-15 23:09:46 info: =================================
2023-02-15 23:09:46 info: ======= ENV: development =======
2023-02-15 23:09:46 info: 🚀 App listening on the port 4000
2023-02-15 23:09:46 info: =================================
2023-02-15 23:09:46 info: DB Connected Successfully
2023-02-15 23:09:49 error: [POST] /users >> StatusCode:: 409, Message:: This email balaji.s1@kevells.com already exists
2023-02-15 23:09:49 info: [0mPOST /users [33m409[0m 20.683 ms - 61[0m
2023-02-15 23:10:01 info: =================================
2023-02-15 23:10:01 info: ======= ENV: development =======
2023-02-15 23:10:01 info: 🚀 App listening on the port 4000
2023-02-15 23:10:01 info: =================================
2023-02-15 23:10:01 info: DB Connected Successfully
2023-02-15 23:10:03 error: [POST] /users >> StatusCode:: 500, Message:: createUserData is not defined
2023-02-15 23:10:03 info: [0mPOST /users [31m500[0m 18.950 ms - 43[0m
2023-02-15 23:10:49 error: [POST] /users >> StatusCode:: 409, Message:: This email balaji.s@kevells.com already exists
2023-02-15 23:10:49 info: [0mPOST /users [33m409[0m 8.371 ms - 60[0m
2023-02-15 23:11:24 info: =================================
2023-02-15 23:11:24 info: ======= ENV: development =======
2023-02-15 23:11:24 info: 🚀 App listening on the port 4000
2023-02-15 23:11:24 info: =================================
2023-02-15 23:11:24 info: DB Connected Successfully
2023-02-15 23:11:29 info: [0mPOST /users [32m201[0m 30.200 ms - 131[0m
2023-02-15 23:11:35 error: [POST] /users >> StatusCode:: 409, Message:: This email balaji.s1@kevells.com already exists
2023-02-15 23:11:35 info: [0mPOST /users [33m409[0m 7.639 ms - 61[0m
2023-02-15 23:11:40 info: [0mGET /users [32m200[0m 19.360 ms - 215[0m
2023-02-15 23:11:50 info: =================================
2023-02-15 23:11:50 info: ======= ENV: development =======
2023-02-15 23:11:50 info: 🚀 App listening on the port 4000
2023-02-15 23:11:50 info: =================================
2023-02-15 23:11:50 info: DB Connected Successfully
2023-02-15 23:12:32 info: [0mGET /users/63ed166098f7b54409d987b3 [33m404[0m 10.907 ms - 169[0m
2023-02-15 23:13:38 info: [0mGET /users/63ed166098f7b54409d987b3 [33m404[0m 1.511 ms - 169[0m
2023-02-15 23:13:52 info: =================================
2023-02-15 23:13:52 info: ======= ENV: development =======
2023-02-15 23:13:52 info: 🚀 App listening on the port 4000
2023-02-15 23:13:52 info: =================================
2023-02-15 23:13:52 info: DB Connected Successfully
2023-02-15 23:13:54 info: [0mGET /users/63ed166098f7b54409d987b3 [33m404[0m 3.424 ms - 169[0m
2023-02-15 23:13:59 info: =================================
2023-02-15 23:13:59 info: ======= ENV: development =======
2023-02-15 23:13:59 info: 🚀 App listening on the port 4000
2023-02-15 23:13:59 info: =================================
2023-02-15 23:13:59 info: DB Connected Successfully
2023-02-15 23:14:38 info: =================================
2023-02-15 23:14:38 info: ======= ENV: development =======
2023-02-15 23:14:38 info: 🚀 App listening on the port 4000
2023-02-15 23:14:38 info: =================================
2023-02-15 23:14:38 info: DB Connected Successfully
2023-02-15 23:14:41 info: =================================
2023-02-15 23:14:41 info: ======= ENV: development =======
2023-02-15 23:14:41 info: 🚀 App listening on the port 4000
2023-02-15 23:14:41 info: =================================
2023-02-15 23:14:41 info: DB Connected Successfully
2023-02-15 23:14:43 error: [GET] /users/63ed166098f7b54409d987b3 >> StatusCode:: 500, Message:: Query was already executed: User.find({})
2023-02-15 23:14:43 info: [0mGET /users/63ed166098f7b54409d987b3 [31m500[0m 11.579 ms - 55[0m
2023-02-15 23:14:52 info: =================================
2023-02-15 23:14:52 info: ======= ENV: development =======
2023-02-15 23:14:52 info: 🚀 App listening on the port 4000
2023-02-15 23:14:52 info: =================================
2023-02-15 23:14:52 info: DB Connected Successfully
2023-02-15 23:14:54 error: [GET] /users/63ed166098f7b54409d987b3 >> StatusCode:: 500, Message:: Query was already executed: User.find({})
2023-02-15 23:14:54 info: [0mGET /users/63ed166098f7b54409d987b3 [31m500[0m 11.106 ms - 55[0m
2023-02-15 23:16:54 info: =================================
2023-02-15 23:16:54 info: ======= ENV: development =======
2023-02-15 23:16:54 info: 🚀 App listening on the port 4000
2023-02-15 23:16:54 info: =================================
2023-02-15 23:16:54 info: DB Connected Successfully
2023-02-15 23:18:05 info: =================================
2023-02-15 23:18:05 info: ======= ENV: development =======
2023-02-15 23:18:05 info: 🚀 App listening on the port 4000
2023-02-15 23:18:05 info: =================================
2023-02-15 23:18:05 info: DB Connected Successfully
2023-02-15 23:18:07 error: [GET] /users/63ed166098f7b54409d987b3 >> StatusCode:: 500, Message:: Cast to ObjectId failed for value "NaN" (type number) at path "_id" for model "User"
2023-02-15 23:18:07 info: [0mGET /users/63ed166098f7b54409d987b3 [31m500[0m 8.556 ms - 104[0m
2023-02-15 23:20:45 info: =================================
2023-02-15 23:20:45 info: ======= ENV: development =======
2023-02-15 23:20:45 info: 🚀 App listening on the port 4000
2023-02-15 23:20:45 info: =================================
2023-02-15 23:20:45 info: DB Connected Successfully
2023-02-15 23:21:01 error: [GET] /users/63ed166098f7b54409d987b3 >> StatusCode:: 500, Message:: mongoose_1.SchemaTypes.object is not a function
2023-02-15 23:21:01 info: [0mGET /users/63ed166098f7b54409d987b3 [31m500[0m 5.913 ms - 61[0m
2023-02-15 23:23:08 info: =================================
2023-02-15 23:23:08 info: ======= ENV: development =======
2023-02-15 23:23:08 info: 🚀 App listening on the port 4000
2023-02-15 23:23:08 info: =================================
2023-02-15 23:23:08 info: DB Connected Successfully
2023-02-15 23:23:10 error: [GET] /users/63ed166098f7b54409d987b3 >> StatusCode:: 500, Message:: this.splitPath is not a function
2023-02-15 23:23:10 info: [0mGET /users/63ed166098f7b54409d987b3 [31m500[0m 5.720 ms - 46[0m
2023-02-15 23:24:22 info: =================================
2023-02-15 23:24:22 info: ======= ENV: development =======
2023-02-15 23:24:22 info: 🚀 App listening on the port 4000
2023-02-15 23:24:22 info: =================================
2023-02-15 23:24:22 info: DB Connected Successfully
2023-02-15 23:24:24 error: [GET] /users/63ed166098f7b54409d987b3 >> StatusCode:: 500, Message:: this.splitPath is not a function
2023-02-15 23:24:24 info: [0mGET /users/63ed166098f7b54409d987b3 [31m500[0m 6.578 ms - 46[0m
2023-02-15 23:25:40 info: =================================
2023-02-15 23:25:40 info: ======= ENV: development =======
2023-02-15 23:25:40 info: 🚀 App listening on the port 4000
2023-02-15 23:25:40 info: =================================
2023-02-15 23:25:40 info: DB Connected Successfully
2023-02-15 23:25:54 info: =================================
2023-02-15 23:25:54 info: ======= ENV: development =======
2023-02-15 23:25:54 info: 🚀 App listening on the port 4000
2023-02-15 23:25:54 info: =================================
2023-02-15 23:25:54 info: DB Connected Successfully
2023-02-15 23:25:58 info: =================================
2023-02-15 23:25:58 info: ======= ENV: development =======
2023-02-15 23:25:58 info: 🚀 App listening on the port 4000
2023-02-15 23:25:58 info: =================================
2023-02-15 23:25:58 info: DB Connected Successfully
2023-02-15 23:26:21 info: =================================
2023-02-15 23:26:21 info: ======= ENV: development =======
2023-02-15 23:26:21 info: 🚀 App listening on the port 4000
2023-02-15 23:26:21 info: =================================
2023-02-15 23:26:21 info: DB Connected Successfully
2023-02-15 23:26:23 error: [GET] /users/63ed166098f7b54409d987b3 >> StatusCode:: 500, Message:: this.splitPath is not a function
2023-02-15 23:26:23 info: [0mGET /users/63ed166098f7b54409d987b3 [31m500[0m 5.999 ms - 46[0m
2023-02-15 23:26:46 info: =================================
2023-02-15 23:26:46 info: ======= ENV: development =======
2023-02-15 23:26:46 info: 🚀 App listening on the port 4000
2023-02-15 23:26:46 info: =================================
2023-02-15 23:26:46 info: DB Connected Successfully
2023-02-15 23:26:48 error: [GET] /users/63ed166098f7b54409d987b3 >> StatusCode:: 500, Message:: this.splitPath is not a function
2023-02-15 23:26:48 info: [0mGET /users/63ed166098f7b54409d987b3 [31m500[0m 6.455 ms - 46[0m
2023-02-15 23:26:54 info: =================================
2023-02-15 23:26:54 info: ======= ENV: development =======
2023-02-15 23:26:54 info: 🚀 App listening on the port 4000
2023-02-15 23:26:54 info: =================================
2023-02-15 23:26:54 info: DB Connected Successfully
2023-02-15 23:26:56 error: [GET] /users/63ed166098f7b54409d987b3 >> StatusCode:: 500, Message:: this.splitPath is not a function
2023-02-15 23:26:56 info: [0mGET /users/63ed166098f7b54409d987b3 [31m500[0m 6.919 ms - 46[0m
2023-02-15 23:27:06 info: =================================
2023-02-15 23:27:06 info: ======= ENV: development =======
2023-02-15 23:27:06 info: 🚀 App listening on the port 4000
2023-02-15 23:27:06 info: =================================
2023-02-15 23:27:06 info: DB Connected Successfully
2023-02-15 23:27:08 error: [GET] /users/63ed166098f7b54409d987b3 >> StatusCode:: 500, Message:: this.splitPath is not a function
2023-02-15 23:27:08 info: [0mGET /users/63ed166098f7b54409d987b3 [31m500[0m 6.530 ms - 46[0m
2023-02-15 23:27:14 info: =================================
2023-02-15 23:27:14 info: ======= ENV: development =======
2023-02-15 23:27:14 info: 🚀 App listening on the port 4000
2023-02-15 23:27:14 info: =================================
2023-02-15 23:27:14 info: DB Connected Successfully
2023-02-15 23:27:16 error: [GET] /users/63ed166098f7b54409d987b3 >> StatusCode:: 500, Message:: this.splitPath is not a function
2023-02-15 23:27:16 info: [0mGET /users/63ed166098f7b54409d987b3 [31m500[0m 73.401 ms - 46[0m
2023-02-15 23:28:28 info: =================================
2023-02-15 23:28:28 info: ======= ENV: development =======
2023-02-15 23:28:28 info: 🚀 App listening on the port 4000
2023-02-15 23:28:28 info: =================================
2023-02-15 23:28:28 info: DB Connected Successfully
2023-02-15 23:28:35 error: [GET] /users/63ed166098f7b54409d987b3 >> StatusCode:: 500, Message:: this.splitPath is not a function
2023-02-15 23:28:35 info: [0mGET /users/63ed166098f7b54409d987b3 [31m500[0m 8.223 ms - 46[0m
2023-02-15 23:28:44 info: =================================
2023-02-15 23:28:44 info: ======= ENV: development =======
2023-02-15 23:28:44 info: 🚀 App listening on the port 4000
2023-02-15 23:28:44 info: =================================
2023-02-15 23:28:44 info: DB Connected Successfully
2023-02-15 23:28:47 error: [GET] /users/63ed166098f7b54409d987b3 >> StatusCode:: 500, Message:: this.splitPath is not a function
2023-02-15 23:28:47 info: [0mGET /users/63ed166098f7b54409d987b3 [31m500[0m 7.791 ms - 46[0m
2023-02-15 23:29:00 info: =================================
2023-02-15 23:29:00 info: ======= ENV: development =======
2023-02-15 23:29:00 info: 🚀 App listening on the port 4000
2023-02-15 23:29:00 info: =================================
2023-02-15 23:29:00 info: DB Connected Successfully
2023-02-15 23:29:02 error: [GET] /users/63ed166098f7b54409d987b3 >> StatusCode:: 500, Message:: this.splitPath is not a function
2023-02-15 23:29:02 info: [0mGET /users/63ed166098f7b54409d987b3 [31m500[0m 6.452 ms - 46[0m
2023-02-15 23:29:17 info: =================================
2023-02-15 23:29:17 info: ======= ENV: development =======
2023-02-15 23:29:17 info: 🚀 App listening on the port 4000
2023-02-15 23:29:17 info: =================================
2023-02-15 23:29:17 info: DB Connected Successfully
2023-02-15 23:29:20 error: [GET] /users/63ed166098f7b54409d987b3 >> StatusCode:: 500, Message:: this.splitPath is not a function
2023-02-15 23:29:20 info: [0mGET /users/63ed166098f7b54409d987b3 [31m500[0m 8.772 ms - 46[0m
2023-02-15 23:29:26 info: =================================
2023-02-15 23:29:26 info: ======= ENV: development =======
2023-02-15 23:29:26 info: 🚀 App listening on the port 4000
2023-02-15 23:29:26 info: =================================
2023-02-15 23:29:26 info: DB Connected Successfully
2023-02-15 23:29:28 error: [GET] /users/63ed166098f7b54409d987b3 >> StatusCode:: 500, Message:: this.splitPath is not a function
2023-02-15 23:29:28 info: [0mGET /users/63ed166098f7b54409d987b3 [31m500[0m 8.351 ms - 46[0m
2023-02-15 23:29:34 info: =================================
2023-02-15 23:29:34 info: ======= ENV: development =======
2023-02-15 23:29:34 info: 🚀 App listening on the port 4000
2023-02-15 23:29:34 info: =================================
2023-02-15 23:29:34 info: DB Connected Successfully
2023-02-15 23:29:36 error: [GET] /users/63ed166098f7b54409d987b3 >> StatusCode:: 500, Message:: this.splitPath is not a function
2023-02-15 23:29:36 info: [0mGET /users/63ed166098f7b54409d987b3 [31m500[0m 7.495 ms - 46[0m
2023-02-15 23:29:49 info: =================================
2023-02-15 23:29:49 info: ======= ENV: development =======
2023-02-15 23:29:49 info: 🚀 App listening on the port 4000
2023-02-15 23:29:49 info: =================================
2023-02-15 23:29:49 info: DB Connected Successfully
2023-02-15 23:29:52 error: [GET] /users/63ed166098f7b54409d987b3 >> StatusCode:: 500, Message:: this.splitPath is not a function
2023-02-15 23:29:52 info: [0mGET /users/63ed166098f7b54409d987b3 [31m500[0m 6.939 ms - 46[0m
2023-02-15 23:30:09 info: =================================
2023-02-15 23:30:09 info: ======= ENV: development =======
2023-02-15 23:30:09 info: 🚀 App listening on the port 4000
2023-02-15 23:30:09 info: =================================
2023-02-15 23:30:09 info: DB Connected Successfully
2023-02-15 23:30:11 error: [GET] /users/63ed166098f7b54409d987b3 >> StatusCode:: 500, Message:: this.splitPath is not a function
2023-02-15 23:30:11 info: [0mGET /users/63ed166098f7b54409d987b3 [31m500[0m 7.055 ms - 46[0m
2023-02-15 23:30:17 info: =================================
2023-02-15 23:30:17 info: ======= ENV: development =======
2023-02-15 23:30:17 info: 🚀 App listening on the port 4000
2023-02-15 23:30:17 info: =================================
2023-02-15 23:30:17 info: DB Connected Successfully
2023-02-15 23:30:20 error: [GET] /users/63ed166098f7b54409d987b3 >> StatusCode:: 500, Message:: this.splitPath is not a function
2023-02-15 23:30:20 info: [0mGET /users/63ed166098f7b54409d987b3 [31m500[0m 8.085 ms - 46[0m
2023-02-15 23:30:50 info: =================================
2023-02-15 23:30:50 info: ======= ENV: development =======
2023-02-15 23:30:50 info: 🚀 App listening on the port 4000
2023-02-15 23:30:50 info: =================================
2023-02-15 23:30:50 info: DB Connected Successfully
2023-02-15 23:30:51 info: [0mGET /users/63ed166098f7b54409d987b3 [32m200[0m 16.178 ms - 110[0m
2023-02-15 23:32:23 info: =================================
2023-02-15 23:32:23 info: ======= ENV: development =======
2023-02-15 23:32:23 info: 🚀 App listening on the port 4000
2023-02-15 23:32:23 info: =================================
2023-02-15 23:32:23 info: DB Connected Successfully
2023-02-15 23:32:37 info: DB Connected Successfully
2023-02-15 23:32:44 info: =================================
2023-02-15 23:32:44 info: ======= ENV: development =======
2023-02-15 23:32:44 info: 🚀 App listening on the port 4000
2023-02-15 23:32:44 info: =================================
2023-02-15 23:32:44 info: DB Connected Successfully
2023-02-15 23:32:48 info: =================================
2023-02-15 23:32:48 info: ======= ENV: development =======
2023-02-15 23:32:48 info: 🚀 App listening on the port 4000
2023-02-15 23:32:48 info: =================================
2023-02-15 23:32:48 info: DB Connected Successfully
2023-02-15 23:32:57 error: [DELETE] /users/63ed166098f7b54409d987b3 >> StatusCode:: 409, Message:: User doesn't exist
2023-02-15 23:32:57 info: [0mDELETE /users/63ed166098f7b54409d987b3 [33m409[0m 14.839 ms - 32[0m
2023-02-15 23:34:06 info: =================================
2023-02-15 23:34:06 info: ======= ENV: development =======
2023-02-15 23:34:06 info: 🚀 App listening on the port 4000
2023-02-15 23:34:06 info: =================================
2023-02-15 23:34:06 info: DB Connected Successfully
2023-02-15 23:34:14 info: =================================
2023-02-15 23:34:14 info: ======= ENV: development =======
2023-02-15 23:34:14 info: 🚀 App listening on the port 4000
2023-02-15 23:34:14 info: =================================
2023-02-15 23:34:14 info: DB Connected Successfully
2023-02-15 23:34:17 info: [0mDELETE /users/63ed166098f7b54409d987b3 [32m200[0m 13.560 ms - 67[0m
2023-02-15 23:34:22 error: [GET] /users/63ed166098f7b54409d987b3 >> StatusCode:: 409, Message:: User doesn't exist
2023-02-15 23:34:22 info: [0mGET /users/63ed166098f7b54409d987b3 [33m409[0m 4.054 ms - 32[0m
2023-02-15 23:34:40 info: =================================
2023-02-15 23:34:40 info: ======= ENV: development =======
2023-02-15 23:34:40 info: 🚀 App listening on the port 4000
2023-02-15 23:34:40 info: =================================
2023-02-15 23:34:40 info: DB Connected Successfully
2023-02-15 23:34:55 info: [0mGET / [32m200[0m 3.042 ms - 2[0m
2023-02-15 23:36:15 info: [0mGET / [32m200[0m 3.256 ms - 2[0m
2023-02-15 23:40:38 info: [0mGET / [32m200[0m 3.034 ms - 2[0m
2023-02-15 23:41:31 info: [0mGET / [32m200[0m 2.973 ms - 2[0m
2023-02-15 23:43:07 info: [0mGET / [32m200[0m 3.090 ms - 2[0m
2023-02-15 23:43:50 info: [0mGET / [32m200[0m 3.023 ms - 2[0m
2023-02-15 23:44:22 info: [0mGET / [32m200[0m 2.965 ms - 2[0m
